[INFO] Scanning for projects...
[INFO] 
[INFO] ------------------------< support_system:demo >-------------------------
[INFO] Building demo 0.0.1-SNAPSHOT
[INFO]   from pom.xml
[INFO] --------------------------------[ jar ]---------------------------------
[INFO] 
[INFO] >>> spring-boot:3.2.5:run (default-cli) > test-compile @ demo >>>
[INFO] 
[INFO] --- resources:3.3.1:resources (default-resources) @ demo ---
[INFO] Copying 1 resource from src\main\resources to target\classes
[INFO] Copying 0 resource from src\main\resources to target\classes
[INFO] 
[INFO] --- compiler:3.11.0:compile (default-compile) @ demo ---
[INFO] Nothing to compile - all classes are up to date
[INFO] 
[INFO] --- resources:3.3.1:testResources (default-testResources) @ demo ---
[INFO] skip non existing resourceDirectory C:\Users\EQ2182\OneDrive\Desktop\psychological support system spring\demo\demo\src\test\resources
[INFO] 
[INFO] --- compiler:3.11.0:testCompile (default-testCompile) @ demo ---
[INFO] Nothing to compile - all classes are up to date
[INFO] 
[INFO] <<< spring-boot:3.2.5:run (default-cli) < test-compile @ demo <<<
[INFO] 
[INFO] 
[INFO] --- spring-boot:3.2.5:run (default-cli) @ demo ---
[INFO] Attaching agents: []

  .   ____          _            __ _ _
 /\\ / ___'_ __ _ _(_)_ __  __ _ \ \ \ \
( ( )\___ | '_ | '_| | '_ \/ _` | \ \ \ \
 \\/  ___)| |_)| | | | | || (_| |  ) ) ) )
  '  |____| .__|_| |_|_| |_\__, | / / / /
 =========|_|==============|___/=/_/_/_/
 :: Spring Boot ::                (v3.2.5)

2026-05-02T19:21:03.532+05:30  INFO 12952 --- [demo] [           main] support_system.demo.DemoApplication      : Starting DemoApplication using Java 24.0.1 with PID 12952 (C:\Users\EQ2182\OneDrive\Desktop\psychological support system spring\demo\demo\target\classes started by EQ2182 in C:\Users\EQ2182\OneDrive\Desktop\psychological support system spring\demo\demo)
2026-05-02T19:21:03.536+05:30  INFO 12952 --- [demo] [           main] support_system.demo.DemoApplication      : No active profile set, falling back to 1 default profile: "default"
2026-05-02T19:21:04.315+05:30  INFO 12952 --- [demo] [           main] .s.d.r.c.RepositoryConfigurationDelegate : Bootstrapping Spring Data JPA repositories in DEFAULT mode.
2026-05-02T19:21:04.389+05:30  INFO 12952 --- [demo] [           main] .s.d.r.c.RepositoryConfigurationDelegate : Finished Spring Data repository scanning in 60 ms. Found 3 JPA repository interfaces.
WARNING: A restricted method in java.lang.System has been called
WARNING: java.lang.System::load has been called by org.apache.tomcat.jni.Library in an unnamed module (file:/C:/Users/EQ2182/.m2/repository/org/apache/tomcat/embed/tomcat-embed-core/10.1.20/tomcat-embed-core-10.1.20.jar)
WARNING: Use --enable-native-access=ALL-UNNAMED to avoid a warning for callers in this module
WARNING: Restricted methods will be blocked in a future release unless native access is enabled

2026-05-02T19:21:05.056+05:30  INFO 12952 --- [demo] [           main] o.s.b.w.embedded.tomcat.TomcatWebServer  : Tomcat initialized with port 8080 (http)
2026-05-02T19:21:05.102+05:30  INFO 12952 --- [demo] [           main] o.apache.catalina.core.StandardService   : Starting service [Tomcat]
2026-05-02T19:21:05.103+05:30  INFO 12952 --- [demo] [           main] o.apache.catalina.core.StandardEngine    : Starting Servlet engine: [Apache Tomcat/10.1.20]
2026-05-02T19:21:05.170+05:30  INFO 12952 --- [demo] [           main] o.a.c.c.C.[Tomcat].[localhost].[/]       : Initializing Spring embedded WebApplicationContext
2026-05-02T19:21:05.172+05:30  INFO 12952 --- [demo] [           main] w.s.c.ServletWebServerApplicationContext : Root WebApplicationContext: initialization completed in 1566 ms
2026-05-02T19:21:05.353+05:30  INFO 12952 --- [demo] [           main] o.hibernate.jpa.internal.util.LogHelper  : HHH000204: Processing PersistenceUnitInfo [name: default]
2026-05-02T19:21:05.430+05:30  INFO 12952 --- [demo] [           main] org.hibernate.Version                    : HHH000412: Hibernate ORM core version 6.4.4.Final
2026-05-02T19:21:05.468+05:30  INFO 12952 --- [demo] [           main] o.h.c.internal.RegionFactoryInitiator    : HHH000026: Second-level cache disabled
2026-05-02T19:21:05.734+05:30  INFO 12952 --- [demo] [           main] o.s.o.j.p.SpringPersistenceUnitInfo      : No LoadTimeWeaver setup: ignoring JPA class transformer
2026-05-02T19:21:05.781+05:30  INFO 12952 --- [demo] [           main] com.zaxxer.hikari.HikariDataSource       : HikariPool-1 - Starting...
2026-05-02T19:21:06.221+05:30  INFO 12952 --- [demo] [           main] com.zaxxer.hikari.pool.HikariPool        : HikariPool-1 - Added connection com.mysql.cj.jdbc.ConnectionImpl@4b07cad0
2026-05-02T19:21:06.241+05:30  INFO 12952 --- [demo] [           main] com.zaxxer.hikari.HikariDataSource       : HikariPool-1 - Start completed.
2026-05-02T19:21:07.306+05:30  INFO 12952 --- [demo] [           main] o.h.e.t.j.p.i.JtaPlatformInitiator       : HHH000489: No JTA platform available (set 'hibernate.transaction.jta.platform' to enable JTA platform integration)
2026-05-02T19:21:07.378+05:30  INFO 12952 --- [demo] [           main] j.LocalContainerEntityManagerFactoryBean : Initialized JPA EntityManagerFactory for persistence unit 'default'
2026-05-02T19:21:07.807+05:30  WARN 12952 --- [demo] [           main] JpaBaseConfiguration$JpaWebConfiguration : spring.jpa.open-in-view is enabled by default. Therefore, database queries may be performed during view rendering. Explicitly configure spring.jpa.open-in-view to disable this warning
2026-05-02T19:21:07.848+05:30  WARN 12952 --- [demo] [           main] .s.s.UserDetailsServiceAutoConfiguration : 

Using generated security password: 442c6a5d-ed03-41dd-9668-7d20ab11c5b6

This generated password is for development use only. Your security configuration must be updated before running your application in production.

2026-05-02T19:21:08.150+05:30  INFO 12952 --- [demo] [           main] o.s.s.web.DefaultSecurityFilterChain     : Will secure any request with [org.springframework.security.web.session.DisableEncodeUrlFilter@103033fe, org.springframework.security.web.context.request.async.WebAsyncManagerIntegrationFilter@25511895, org.springframework.security.web.context.SecurityContextHolderFilter@79d3c655, org.springframework.security.web.header.HeaderWriterFilter@6b7a0f18, org.springframework.web.filter.CorsFilter@38f569d, org.springframework.security.web.authentication.logout.LogoutFilter@1c25385a, org.springframework.security.web.savedrequest.RequestCacheAwareFilter@5837cb9e, org.springframework.security.web.servletapi.SecurityContextHolderAwareRequestFilter@74d3b331, org.springframework.security.web.authentication.AnonymousAuthenticationFilter@6464f017, org.springframework.security.web.access.ExceptionTranslationFilter@5929059c, org.springframework.security.web.access.intercept.AuthorizationFilter@52bcfd10]
2026-05-02T19:21:08.421+05:30  INFO 12952 --- [demo] [           main] o.s.b.w.embedded.tomcat.TomcatWebServer  : Tomcat started on port 8080 (http) with context path ''
2026-05-02T19:21:08.451+05:30  INFO 12952 --- [demo] [           main] support_system.demo.DemoApplication      : Started DemoApplication in 5.564 seconds (process running for 6.135)
[INFO] ------------------------------------------------------------------------
[INFO] BUILD FAILURE
[INFO] ------------------------------------------------------------------------
[INFO] Total time:  01:41 min
[INFO] Finished at: 2026-05-02T19:22:40+05:30
[INFO] ------------------------------------------------------------------------
[ERROR] Failed to execute goal org.springframework.boot:spring-boot-maven-plugin:3.2.5:run (default-cli) on project demo: Process terminated with exit code: 1 -> [Help 1]
[ERROR] 
[ERROR] To see the full stack trace of the errors, re-run Maven with the -e switch.
[ERROR] Re-run Maven using the -X switch to enable full debug logging.
[ERROR] 
[ERROR] For more information about the errors and possible solutions, please read the following articles:
[ERROR] [Help 1] http://cwiki.apache.org/confluence/display/MAVEN/MojoExecutionException
